c:\cs2 external base c++\cs2 external base c++\cs2 exte.264e63a1\x64\release\vc145.pdb
c:\cs2 external base c++\cs2 external base c++\cs2 exte.264e63a1\x64\release\esp.obj
c:\cs2 external base c++\cs2 external base c++\cs2 exte.264e63a1\x64\release\aimbot.obj
c:\cs2 external base c++\cs2 external base c++\cs2 exte.264e63a1\x64\release\imgui_widgets.obj
c:\cs2 external base c++\cs2 external base c++\cs2 exte.264e63a1\x64\release\imgui_tables.obj
c:\cs2 external base c++\cs2 external base c++\cs2 exte.264e63a1\x64\release\imgui_impl_win32.obj
c:\cs2 external base c++\cs2 external base c++\cs2 exte.264e63a1\x64\release\imgui_impl_dx11.obj
c:\cs2 external base c++\cs2 external base c++\cs2 exte.264e63a1\x64\release\imgui_draw.obj
c:\cs2 external base c++\cs2 external base c++\cs2 exte.264e63a1\x64\release\imgui.obj
c:\cs2 external base c++\cs2 external base c++\cs2 exte.264e63a1\x64\release\misc.obj
c:\cs2 external base c++\cs2 external base c++\cs2 exte.264e63a1\x64\release\main.obj
c:\cs2 external base c++\cs2 external base c++\x64\release\cs2 external base c++.exe
c:\cs2 external base c++\cs2 external base c++\x64\release\cs2 external base c++.pdb
c:\cs2 external base c++\cs2 external base c++\cs2 exte.264e63a1\x64\release\cs2 external base c++.ipdb
c:\cs2 external base c++\cs2 external base c++\cs2 exte.264e63a1\x64\release\cs2 external base c++.iobj
c:\cs2 external base c++\cs2 external base c++\cs2 exte.264e63a1\x64\release\cs2 exte.264e63a1.tlog\cl.command.1.tlog
c:\cs2 external base c++\cs2 external base c++\cs2 exte.264e63a1\x64\release\cs2 exte.264e63a1.tlog\cl.items.tlog
c:\cs2 external base c++\cs2 external base c++\cs2 exte.264e63a1\x64\release\cs2 exte.264e63a1.tlog\cl.read.1.tlog
c:\cs2 external base c++\cs2 external base c++\cs2 exte.264e63a1\x64\release\cs2 exte.264e63a1.tlog\cl.write.1.tlog
c:\cs2 external base c++\cs2 external base c++\cs2 exte.264e63a1\x64\release\cs2 exte.264e63a1.tlog\link.command.1.tlog
c:\cs2 external base c++\cs2 external base c++\cs2 exte.264e63a1\x64\release\cs2 exte.264e63a1.tlog\link.read.1.tlog
c:\cs2 external base c++\cs2 external base c++\cs2 exte.264e63a1\x64\release\cs2 exte.264e63a1.tlog\link.secondary.1.tlog
c:\cs2 external base c++\cs2 external base c++\cs2 exte.264e63a1\x64\release\cs2 exte.264e63a1.tlog\link.write.1.tlog
